app/build/intermediates/manifest_merge_blame_file/release/manifest-merger-blame-release-report.txt
1<?xml version="1.0" encoding="utf-8"?>
2<manifest xmlns:android="http://schemas.android.com/apk/res/android"
3    package="tw.music.streamer"
4    android:versionCode="27301"
5    android:versionName="2.7.3.01" >
6
7    <uses-sdk
8        android:minSdkVersion="21"
8-->src/main/AndroidManifest.xml
9        android:targetSdkVersion="30" />
9-->src/main/AndroidManifest.xml
10
11    <uses-permission android:name="android.permission.INTERNET" />
11-->src/main/AndroidManifest.xml:4:5-67
11-->src/main/AndroidManifest.xml:4:22-64
12    <uses-permission android:name="android.permission.ACCESS_NETWORK_STATE" />
12-->src/main/AndroidManifest.xml:5:5-79
12-->src/main/AndroidManifest.xml:5:22-76
13    <uses-permission android:name="android.permission.READ_EXTERNAL_STORAGE" />
13-->src/main/AndroidManifest.xml:6:5-80
13-->src/main/AndroidManifest.xml:6:22-77
14    <uses-permission android:name="android.permission.WRITE_EXTERNAL_STORAGE" />
14-->src/main/AndroidManifest.xml:7:5-81
14-->src/main/AndroidManifest.xml:7:22-78
15    <uses-permission android:name="android.permission.WAKE_LOCK" />
15-->[com.google.android.gms:play-services-measurement:17.5.0] AndroidManifest.xml:25:5-68
15-->[com.google.android.gms:play-services-measurement:17.5.0] AndroidManifest.xml:25:22-65
16    <uses-permission android:name="com.google.android.finsky.permission.BIND_GET_INSTALL_REFERRER_SERVICE" />
16-->[com.google.android.gms:play-services-measurement:17.5.0] AndroidManifest.xml:26:5-110
16-->[com.google.android.gms:play-services-measurement:17.5.0] AndroidManifest.xml:26:22-107
17
18    <application
18-->src/main/AndroidManifest.xml:9:5-132:19
19        android:name="tw.music.streamer.SketchApplication"
19-->src/main/AndroidManifest.xml:10:9-42
20        android:allowBackup="true"
20-->src/main/AndroidManifest.xml:11:9-35
21        android:appComponentFactory="androidx.core.app.CoreComponentFactory"
21-->[androidx.core:core:1.3.0] AndroidManifest.xml:24:18-86
22        android:icon="@drawable/ic_launcher"
22-->src/main/AndroidManifest.xml:12:9-45
23        android:label="ZryteZene"
23-->src/main/AndroidManifest.xml:13:9-34
24        android:largeHeap="true"
24-->src/main/AndroidManifest.xml:14:9-33
25        android:supportsRtl="true"
25-->src/main/AndroidManifest.xml:15:9-35
26        android:theme="@style/AppTheme" >
26-->src/main/AndroidManifest.xml:16:9-40
27        <activity
27-->src/main/AndroidManifest.xml:17:9-42:20
28            android:name="tw.music.streamer.MainActivity"
28-->src/main/AndroidManifest.xml:18:13-41
29            android:configChanges="orientation|screenSize"
29-->src/main/AndroidManifest.xml:19:13-59
30            android:exported="true"
30-->src/main/AndroidManifest.xml:20:13-36
31            android:windowSoftInputMode="stateHidden" >
31-->src/main/AndroidManifest.xml:21:13-54
32            <intent-filter>
32-->src/main/AndroidManifest.xml:22:13-25:29
33                <action android:name="android.intent.action.MAIN" />
33-->src/main/AndroidManifest.xml:23:17-69
33-->src/main/AndroidManifest.xml:23:25-66
34
35                <category android:name="android.intent.category.LAUNCHER" />
35-->src/main/AndroidManifest.xml:24:17-77
35-->src/main/AndroidManifest.xml:24:27-74
36            </intent-filter>
37            <intent-filter>
37-->src/main/AndroidManifest.xml:26:13-41:29
38                <action android:name="android.intent.action.VIEW" />
38-->src/main/AndroidManifest.xml:27:17-69
38-->src/main/AndroidManifest.xml:27:25-66
39
40                <category android:name="android.intent.category.DEFAULT" />
40-->src/main/AndroidManifest.xml:29:17-76
40-->src/main/AndroidManifest.xml:29:27-73
41                <category android:name="android.intent.category.BROWSABLE" />
41-->src/main/AndroidManifest.xml:30:17-78
41-->src/main/AndroidManifest.xml:30:27-75
42
43                <data
43-->src/main/AndroidManifest.xml:32:17-34:45
44                    android:host="zrytezene.xyz"
44-->src/main/AndroidManifest.xml:33:21-49
45                    android:scheme="http" />
45-->src/main/AndroidManifest.xml:34:21-42
46                <data
46-->src/main/AndroidManifest.xml:32:17-34:45
47                    android:host="zrytezene.xyz"
47-->src/main/AndroidManifest.xml:33:21-49
48                    android:scheme="https" />
48-->src/main/AndroidManifest.xml:34:21-42
49                <data
49-->src/main/AndroidManifest.xml:32:17-34:45
50                    android:host="openapp"
50-->src/main/AndroidManifest.xml:33:21-49
51                    android:scheme="zrytezene" />
51-->src/main/AndroidManifest.xml:34:21-42
52            </intent-filter>
53        </activity>
54        <activity
54-->src/main/AndroidManifest.xml:43:9-47:57
55            android:name="tw.music.streamer.AboutActivity"
55-->src/main/AndroidManifest.xml:44:13-42
56            android:configChanges="orientation|screenSize"
56-->src/main/AndroidManifest.xml:45:13-59
57            android:exported="true"
57-->src/main/AndroidManifest.xml:46:13-36
58            android:windowSoftInputMode="stateHidden" />
58-->src/main/AndroidManifest.xml:47:13-54
59        <activity
59-->src/main/AndroidManifest.xml:48:9-52:57
60            android:name="tw.music.streamer.UploadActivity"
60-->src/main/AndroidManifest.xml:49:13-43
61            android:configChanges="orientation|screenSize"
61-->src/main/AndroidManifest.xml:50:13-59
62            android:exported="true"
62-->src/main/AndroidManifest.xml:51:13-36
63            android:windowSoftInputMode="stateHidden" />
63-->src/main/AndroidManifest.xml:52:13-54
64        <activity
64-->src/main/AndroidManifest.xml:53:9-56:57
65            android:name="tw.music.streamer.DebugActivity"
65-->src/main/AndroidManifest.xml:54:13-42
66            android:configChanges="orientation|screenSize"
66-->src/main/AndroidManifest.xml:55:13-59
67            android:windowSoftInputMode="stateHidden" />
67-->src/main/AndroidManifest.xml:56:13-54
68        <activity
68-->src/main/AndroidManifest.xml:57:9-61:57
69            android:name="tw.music.streamer.ThemesActivity"
69-->src/main/AndroidManifest.xml:58:13-43
70            android:configChanges="orientation|screenSize"
70-->src/main/AndroidManifest.xml:59:13-59
71            android:exported="true"
71-->src/main/AndroidManifest.xml:60:13-36
72            android:windowSoftInputMode="stateHidden" />
72-->src/main/AndroidManifest.xml:61:13-54
73        <activity
73-->src/main/AndroidManifest.xml:62:9-65:57
74            android:name="tw.music.streamer.ProfileActivity"
74-->src/main/AndroidManifest.xml:63:13-44
75            android:configChanges="orientation|screenSize"
75-->src/main/AndroidManifest.xml:64:13-59
76            android:windowSoftInputMode="stateHidden" />
76-->src/main/AndroidManifest.xml:65:13-54
77        <activity
77-->src/main/AndroidManifest.xml:66:9-70:57
78            android:name="tw.music.streamer.LogcatActivity"
78-->src/main/AndroidManifest.xml:67:13-43
79            android:configChanges="orientation|screenSize"
79-->src/main/AndroidManifest.xml:68:13-59
80            android:exported="true"
80-->src/main/AndroidManifest.xml:69:13-36
81            android:windowSoftInputMode="stateHidden" />
81-->src/main/AndroidManifest.xml:70:13-54
82        <activity
82-->src/main/AndroidManifest.xml:71:9-74:57
83            android:name="tw.music.streamer.ChgpicActivity"
83-->src/main/AndroidManifest.xml:72:13-43
84            android:configChanges="orientation|screenSize"
84-->src/main/AndroidManifest.xml:73:13-59
85            android:windowSoftInputMode="stateHidden" />
85-->src/main/AndroidManifest.xml:74:13-54
86        <activity
86-->src/main/AndroidManifest.xml:75:9-79:57
87            android:name="tw.music.streamer.ThemesstrActivity"
87-->src/main/AndroidManifest.xml:76:13-46
88            android:configChanges="orientation|screenSize"
88-->src/main/AndroidManifest.xml:77:13-59
89            android:exported="true"
89-->src/main/AndroidManifest.xml:78:13-36
90            android:windowSoftInputMode="stateHidden" />
90-->src/main/AndroidManifest.xml:79:13-54
91        <activity
91-->src/main/AndroidManifest.xml:80:9-83:57
92            android:name="tw.music.streamer.CropActivity"
92-->src/main/AndroidManifest.xml:81:13-41
93            android:configChanges="orientation|screenSize"
93-->src/main/AndroidManifest.xml:82:13-59
94            android:windowSoftInputMode="stateHidden" />
94-->src/main/AndroidManifest.xml:83:13-54
95        <activity
95-->src/main/AndroidManifest.xml:84:9-87:57
96            android:name="tw.music.streamer.MessageActivity"
96-->src/main/AndroidManifest.xml:85:13-44
97            android:configChanges="orientation|screenSize"
97-->src/main/AndroidManifest.xml:86:13-59
98            android:windowSoftInputMode="stateHidden" />
98-->src/main/AndroidManifest.xml:87:13-54
99        <activity
99-->src/main/AndroidManifest.xml:88:9-91:57
100            android:name="tw.music.streamer.StreamerActivity"
100-->src/main/AndroidManifest.xml:89:13-45
101            android:configChanges="orientation|screenSize"
101-->src/main/AndroidManifest.xml:90:13-59
102            android:windowSoftInputMode="stateHidden" />
102-->src/main/AndroidManifest.xml:91:13-54
103        <activity
103-->src/main/AndroidManifest.xml:92:9-97:57
104            android:name="tw.music.streamer.SwthomeActivity"
104-->src/main/AndroidManifest.xml:93:13-44
105            android:configChanges="orientation|screenSize"
105-->src/main/AndroidManifest.xml:94:13-59
106            android:screenOrientation="landscape"
106-->src/main/AndroidManifest.xml:95:13-50
107            android:theme="@style/AppTheme.FullScreen"
107-->src/main/AndroidManifest.xml:96:13-55
108            android:windowSoftInputMode="stateHidden" />
108-->src/main/AndroidManifest.xml:97:13-54
109        <activity
109-->src/main/AndroidManifest.xml:98:9-101:57
110            android:name="tw.music.streamer.FilepickerActivity"
110-->src/main/AndroidManifest.xml:99:13-47
111            android:configChanges="orientation|screenSize"
111-->src/main/AndroidManifest.xml:100:13-59
112            android:windowSoftInputMode="stateHidden" />
112-->src/main/AndroidManifest.xml:101:13-54
113        <activity
113-->src/main/AndroidManifest.xml:102:9-105:57
114            android:name="tw.music.streamer.UpdateappActivity"
114-->src/main/AndroidManifest.xml:103:13-46
115            android:configChanges="orientation|screenSize"
115-->src/main/AndroidManifest.xml:104:13-59
116            android:windowSoftInputMode="stateHidden" />
116-->src/main/AndroidManifest.xml:105:13-54
117        <activity
117-->src/main/AndroidManifest.xml:106:9-110:57
118            android:name="tw.music.streamer.WizardActivity"
118-->src/main/AndroidManifest.xml:107:13-43
119            android:configChanges="orientation|screenSize"
119-->src/main/AndroidManifest.xml:108:13-59
120            android:exported="true"
120-->src/main/AndroidManifest.xml:109:13-36
121            android:windowSoftInputMode="stateHidden" />
121-->src/main/AndroidManifest.xml:110:13-54
122        <activity
122-->src/main/AndroidManifest.xml:111:9-115:57
123            android:name="tw.music.streamer.DaeditActivity"
123-->src/main/AndroidManifest.xml:112:13-43
124            android:configChanges="orientation|screenSize"
124-->src/main/AndroidManifest.xml:113:13-59
125            android:exported="true"
125-->src/main/AndroidManifest.xml:114:13-36
126            android:windowSoftInputMode="stateHidden" />
126-->src/main/AndroidManifest.xml:115:13-54
127        <activity
127-->src/main/AndroidManifest.xml:116:9-120:57
128            android:name="tw.music.streamer.SettingsActivity"
128-->src/main/AndroidManifest.xml:117:13-45
129            android:configChanges="orientation|screenSize"
129-->src/main/AndroidManifest.xml:118:13-59
130            android:exported="true"
130-->src/main/AndroidManifest.xml:119:13-36
131            android:windowSoftInputMode="stateHidden" />
131-->src/main/AndroidManifest.xml:120:13-54
132        <activity
132-->src/main/AndroidManifest.xml:121:9-124:57
133            android:name="tw.music.streamer.LyricsActivity"
133-->src/main/AndroidManifest.xml:122:13-43
134            android:configChanges="orientation|screenSize"
134-->src/main/AndroidManifest.xml:123:13-59
135            android:windowSoftInputMode="stateHidden" />
135-->src/main/AndroidManifest.xml:124:13-54
136
137        <service
137-->src/main/AndroidManifest.xml:126:9-131:55
138            android:name="tw.music.streamer.ZryteZeneService"
138-->src/main/AndroidManifest.xml:127:13-45
139            android:enabled="true"
139-->src/main/AndroidManifest.xml:128:13-35
140            android:exported="false"
140-->src/main/AndroidManifest.xml:129:13-37
141            android:icon="@drawable/ic_launcher"
141-->src/main/AndroidManifest.xml:130:13-49
142            android:label="ZryteZene Audio Service" />
142-->src/main/AndroidManifest.xml:131:13-52
143
144        <activity
144-->[com.google.firebase:firebase-auth:19.3.2] AndroidManifest.xml:24:9-31:50
145            android:name="com.google.firebase.auth.internal.FederatedSignInActivity"
145-->[com.google.firebase:firebase-auth:19.3.2] AndroidManifest.xml:25:13-85
146            android:excludeFromRecents="true"
146-->[com.google.firebase:firebase-auth:19.3.2] AndroidManifest.xml:26:13-46
147            android:exported="true"
147-->[com.google.firebase:firebase-auth:19.3.2] AndroidManifest.xml:27:13-36
148            android:launchMode="singleTask"
148-->[com.google.firebase:firebase-auth:19.3.2] AndroidManifest.xml:28:13-44
149            android:permission="com.google.firebase.auth.api.gms.permission.LAUNCH_FEDERATED_SIGN_IN"
149-->[com.google.firebase:firebase-auth:19.3.2] AndroidManifest.xml:29:13-102
150            android:theme="@android:style/Theme.Translucent.NoTitleBar" />
150-->[com.google.firebase:firebase-auth:19.3.2] AndroidManifest.xml:30:13-72
151
152        <service
152-->[com.google.firebase:firebase-auth:19.3.2] AndroidManifest.xml:33:9-39:19
153            android:name="com.google.firebase.components.ComponentDiscoveryService"
153-->[com.google.firebase:firebase-auth:19.3.2] AndroidManifest.xml:34:13-84
154            android:directBootAware="true"
154-->[com.google.firebase:firebase-common:19.3.1] AndroidManifest.xml:35:13-43
155            android:exported="false" >
155-->[com.google.firebase:firebase-auth:19.3.2] AndroidManifest.xml:35:13-37
156            <meta-data
156-->[com.google.firebase:firebase-auth:19.3.2] AndroidManifest.xml:36:13-38:85
157                android:name="com.google.firebase.components:com.google.firebase.auth.FirebaseAuthRegistrar"
157-->[com.google.firebase:firebase-auth:19.3.2] AndroidManifest.xml:37:17-109
158                android:value="com.google.firebase.components.ComponentRegistrar" />
158-->[com.google.firebase:firebase-auth:19.3.2] AndroidManifest.xml:38:17-82
159            <meta-data
159-->[com.google.firebase:firebase-database:19.4.0] AndroidManifest.xml:32:13-34:85
160                android:name="com.google.firebase.components:com.google.firebase.database.DatabaseRegistrar"
160-->[com.google.firebase:firebase-database:19.4.0] AndroidManifest.xml:33:17-109
161                android:value="com.google.firebase.components.ComponentRegistrar" />
161-->[com.google.firebase:firebase-database:19.4.0] AndroidManifest.xml:34:17-82
162            <meta-data
162-->[com.google.firebase:firebase-storage:19.2.0] AndroidManifest.xml:33:13-35:85
163                android:name="com.google.firebase.components:com.google.firebase.storage.StorageRegistrar"
163-->[com.google.firebase:firebase-storage:19.2.0] AndroidManifest.xml:34:17-107
164                android:value="com.google.firebase.components.ComponentRegistrar" />
164-->[com.google.firebase:firebase-storage:19.2.0] AndroidManifest.xml:35:17-82
165            <meta-data
165-->[com.google.android.gms:play-services-measurement-api:17.5.0] AndroidManifest.xml:30:13-32:85
166                android:name="com.google.firebase.components:com.google.firebase.analytics.connector.internal.AnalyticsConnectorRegistrar"
166-->[com.google.android.gms:play-services-measurement-api:17.5.0] AndroidManifest.xml:31:17-139
167                android:value="com.google.firebase.components.ComponentRegistrar" />
167-->[com.google.android.gms:play-services-measurement-api:17.5.0] AndroidManifest.xml:32:17-82
168            <meta-data
168-->[com.google.firebase:firebase-installations:16.3.2] AndroidManifest.xml:17:13-19:85
169                android:name="com.google.firebase.components:com.google.firebase.installations.FirebaseInstallationsRegistrar"
169-->[com.google.firebase:firebase-installations:16.3.2] AndroidManifest.xml:18:17-127
170                android:value="com.google.firebase.components.ComponentRegistrar" />
170-->[com.google.firebase:firebase-installations:16.3.2] AndroidManifest.xml:19:17-82
171        </service>
172
173        <activity
173-->[com.google.android.gms:play-services-base:17.1.0] AndroidManifest.xml:23:9-26:75
174            android:name="com.google.android.gms.common.api.GoogleApiActivity"
174-->[com.google.android.gms:play-services-base:17.1.0] AndroidManifest.xml:24:13-79
175            android:exported="false"
175-->[com.google.android.gms:play-services-base:17.1.0] AndroidManifest.xml:25:13-37
176            android:theme="@android:style/Theme.Translucent.NoTitleBar" />
176-->[com.google.android.gms:play-services-base:17.1.0] AndroidManifest.xml:26:13-72
177
178        <receiver
178-->[com.google.android.gms:play-services-measurement:17.5.0] AndroidManifest.xml:29:9-33:20
179            android:name="com.google.android.gms.measurement.AppMeasurementReceiver"
179-->[com.google.android.gms:play-services-measurement:17.5.0] AndroidManifest.xml:30:13-85
180            android:enabled="true"
180-->[com.google.android.gms:play-services-measurement:17.5.0] AndroidManifest.xml:31:13-35
181            android:exported="false" >
181-->[com.google.android.gms:play-services-measurement:17.5.0] AndroidManifest.xml:32:13-37
182        </receiver>
183
184        <service
184-->[com.google.android.gms:play-services-measurement:17.5.0] AndroidManifest.xml:35:9-38:40
185            android:name="com.google.android.gms.measurement.AppMeasurementService"
185-->[com.google.android.gms:play-services-measurement:17.5.0] AndroidManifest.xml:36:13-84
186            android:enabled="true"
186-->[com.google.android.gms:play-services-measurement:17.5.0] AndroidManifest.xml:37:13-35
187            android:exported="false" />
187-->[com.google.android.gms:play-services-measurement:17.5.0] AndroidManifest.xml:38:13-37
188        <service
188-->[com.google.android.gms:play-services-measurement:17.5.0] AndroidManifest.xml:39:9-43:72
189            android:name="com.google.android.gms.measurement.AppMeasurementJobService"
189-->[com.google.android.gms:play-services-measurement:17.5.0] AndroidManifest.xml:40:13-87
190            android:enabled="true"
190-->[com.google.android.gms:play-services-measurement:17.5.0] AndroidManifest.xml:41:13-35
191            android:exported="false"
191-->[com.google.android.gms:play-services-measurement:17.5.0] AndroidManifest.xml:42:13-37
192            android:permission="android.permission.BIND_JOB_SERVICE" />
192-->[com.google.android.gms:play-services-measurement:17.5.0] AndroidManifest.xml:43:13-69
193
194        <provider
194-->[com.google.firebase:firebase-common:19.3.1] AndroidManifest.xml:26:9-31:39
195            android:name="com.google.firebase.provider.FirebaseInitProvider"
195-->[com.google.firebase:firebase-common:19.3.1] AndroidManifest.xml:27:13-77
196            android:authorities="tw.music.streamer.firebaseinitprovider"
196-->[com.google.firebase:firebase-common:19.3.1] AndroidManifest.xml:28:13-72
197            android:directBootAware="true"
197-->[com.google.firebase:firebase-common:19.3.1] AndroidManifest.xml:29:13-43
198            android:exported="false"
198-->[com.google.firebase:firebase-common:19.3.1] AndroidManifest.xml:30:13-37
199            android:initOrder="100" />
199-->[com.google.firebase:firebase-common:19.3.1] AndroidManifest.xml:31:13-36
200
201        <meta-data
201-->[com.google.android.gms:play-services-basement:17.0.0] AndroidManifest.xml:23:9-25:69
202            android:name="com.google.android.gms.version"
202-->[com.google.android.gms:play-services-basement:17.0.0] AndroidManifest.xml:24:13-58
203            android:value="@integer/google_play_services_version" />
203-->[com.google.android.gms:play-services-basement:17.0.0] AndroidManifest.xml:25:13-66
204    </application>
205
206</manifest>